train row : 30148
sample row: 30148
VGAN_generator(
  (input): Linear(in_features=256, out_features=100, bias=True)
  (inputbn): BatchNorm1d(100, eps=1e-05, momentum=0.1, affine=True, track_running_stats=True)
  (fc0): Linear(in_features=100, out_features=100, bias=True)
  (bn0): BatchNorm1d(100, eps=1e-05, momentum=0.1, affine=True, track_running_stats=True)
  (fc1): Linear(in_features=100, out_features=100, bias=True)
  (bn1): BatchNorm1d(100, eps=1e-05, momentum=0.1, affine=True, track_running_stats=True)
  (fc2): Linear(in_features=100, out_features=100, bias=True)
  (bn2): BatchNorm1d(100, eps=1e-05, momentum=0.1, affine=True, track_running_stats=True)
  (output): Linear(in_features=100, out_features=105, bias=True)
  (outputbn): BatchNorm1d(105, eps=1e-05, momentum=0.1, affine=True, track_running_stats=True)
)
VGAN_discriminator(
  (input): Linear(in_features=105, out_features=300, bias=True)
  (Dropout): Dropout(p=0.5, inplace=False)
  (fc0): Linear(in_features=300, out_features=300, bias=True)
  (fc1): Linear(in_features=300, out_features=300, bias=True)
  (output): Linear(in_features=300, out_features=1, bias=True)
)
(0, False, 105)
-----------Epoch 0-----------
iterator 100, D_Loss:0.4857894480228424, G_Loss:7.462704658508301

iterator 200, D_Loss:0.48962971568107605, G_Loss:9.77785873413086

iterator 300, D_Loss:0.43852829933166504, G_Loss:10.67105484008789

iterator 400, D_Loss:0.45770353078842163, G_Loss:10.965296745300293

iterator 500, D_Loss:0.5156439542770386, G_Loss:11.027846336364746

iterator 600, D_Loss:0.4345363974571228, G_Loss:10.589656829833984

iterator 700, D_Loss:0.4431489408016205, G_Loss:11.626997947692871

iterator 800, D_Loss:0.5032593607902527, G_Loss:11.315534591674805

iterator 900, D_Loss:0.4605613350868225, G_Loss:11.73597526550293

iterator 1000, D_Loss:0.4754865765571594, G_Loss:10.957783699035645

iterator 1100, D_Loss:0.4661156237125397, G_Loss:13.087172508239746

iterator 1200, D_Loss:0.4731629490852356, G_Loss:13.10621452331543

iterator 1300, D_Loss:0.46462327241897583, G_Loss:13.238615036010742

iterator 1400, D_Loss:0.5434649586677551, G_Loss:12.46182918548584

iterator 1500, D_Loss:0.5426341891288757, G_Loss:14.09393310546875

iterator 1600, D_Loss:0.5002374649047852, G_Loss:14.882904052734375

iterator 1700, D_Loss:0.49158406257629395, G_Loss:12.655525207519531

iterator 1800, D_Loss:0.5008217096328735, G_Loss:12.822891235351562

iterator 1900, D_Loss:0.4379608929157257, G_Loss:11.017528533935547

iterator 2000, D_Loss:0.4921448528766632, G_Loss:12.034538269042969

iterator 2100, D_Loss:0.441476970911026, G_Loss:12.333845138549805

iterator 2200, D_Loss:0.4357461631298065, G_Loss:11.604854583740234

iterator 2300, D_Loss:0.5176775455474854, G_Loss:11.102998733520508

iterator 2400, D_Loss:0.4755076467990875, G_Loss:9.535112380981445

iterator 2500, D_Loss:0.5264651775360107, G_Loss:7.903892993927002

iterator 2600, D_Loss:0.5445683002471924, G_Loss:9.150117874145508

iterator 2700, D_Loss:0.48741400241851807, G_Loss:9.52067756652832

iterator 2800, D_Loss:0.4927699565887451, G_Loss:9.19888973236084

iterator 2900, D_Loss:0.5373958945274353, G_Loss:8.97049331665039

iterator 3000, D_Loss:0.50616455078125, G_Loss:8.798083305358887

iterator 3100, D_Loss:0.5757784843444824, G_Loss:8.803055763244629

iterator 3200, D_Loss:0.5045247077941895, G_Loss:7.750005722045898

iterator 3300, D_Loss:0.5271613597869873, G_Loss:7.943622589111328

iterator 3400, D_Loss:0.5816064476966858, G_Loss:8.594246864318848

iterator 3500, D_Loss:0.5608548521995544, G_Loss:8.619818687438965

iterator 3600, D_Loss:0.508131742477417, G_Loss:7.312886714935303

iterator 3700, D_Loss:0.6241506934165955, G_Loss:7.3510565757751465

iterator 3800, D_Loss:0.5142083764076233, G_Loss:7.836438179016113

iterator 3900, D_Loss:0.5863209366798401, G_Loss:6.581785678863525

iterator 4000, D_Loss:0.551742434501648, G_Loss:7.04376220703125

iterator 4100, D_Loss:0.5539793968200684, G_Loss:6.7370285987854

iterator 4200, D_Loss:0.5385661721229553, G_Loss:6.959500789642334

iterator 4300, D_Loss:0.5368013381958008, G_Loss:5.934936046600342

iterator 4400, D_Loss:0.5346859693527222, G_Loss:6.3191657066345215

iterator 4500, D_Loss:0.6045534610748291, G_Loss:5.81170654296875

iterator 4600, D_Loss:0.5519785284996033, G_Loss:5.857629299163818

iterator 4700, D_Loss:0.6179153919219971, G_Loss:4.813896179199219

iterator 4800, D_Loss:0.5398327708244324, G_Loss:5.102142810821533

iterator 4900, D_Loss:0.535625696182251, G_Loss:4.829480171203613

iterator 5000, D_Loss:0.5901628136634827, G_Loss:4.7052836418151855

-----------Epoch 1-----------
iterator 100, D_Loss:0.6411610841751099, G_Loss:4.170132637023926

iterator 200, D_Loss:0.5401528477668762, G_Loss:4.834807395935059

iterator 300, D_Loss:0.5365128517150879, G_Loss:4.903101444244385

iterator 400, D_Loss:0.6596262454986572, G_Loss:4.551205158233643

iterator 500, D_Loss:0.6460184454917908, G_Loss:4.094682693481445

iterator 600, D_Loss:0.5793230533599854, G_Loss:4.518643379211426

iterator 700, D_Loss:0.6762399673461914, G_Loss:4.306456089019775

iterator 800, D_Loss:0.6580913066864014, G_Loss:4.3358659744262695

iterator 900, D_Loss:0.6737350225448608, G_Loss:4.3144307136535645

iterator 1000, D_Loss:0.6511720418930054, G_Loss:4.43622350692749

iterator 1100, D_Loss:0.658857524394989, G_Loss:4.307379722595215

iterator 1200, D_Loss:0.6834266185760498, G_Loss:4.089099407196045

iterator 1300, D_Loss:0.5960314869880676, G_Loss:4.123281478881836

iterator 1400, D_Loss:0.6158347129821777, G_Loss:4.070557117462158

iterator 1500, D_Loss:0.6537474989891052, G_Loss:4.086884021759033

iterator 1600, D_Loss:0.6774972081184387, G_Loss:4.136133193969727

iterator 1700, D_Loss:0.7264060974121094, G_Loss:3.397787094116211

iterator 1800, D_Loss:0.7538179159164429, G_Loss:3.9395318031311035

iterator 1900, D_Loss:0.6907220482826233, G_Loss:3.748351573944092

iterator 2000, D_Loss:0.7185161113739014, G_Loss:3.8269739151000977

iterator 2100, D_Loss:0.7695634365081787, G_Loss:3.734175682067871

iterator 2200, D_Loss:0.6515165567398071, G_Loss:3.909817695617676

iterator 2300, D_Loss:0.7073299884796143, G_Loss:3.961197853088379

iterator 2400, D_Loss:0.7656453847885132, G_Loss:3.549715995788574

iterator 2500, D_Loss:0.7435688972473145, G_Loss:3.6476402282714844

iterator 2600, D_Loss:0.7918752431869507, G_Loss:3.6072580814361572

iterator 2700, D_Loss:0.7306033372879028, G_Loss:3.64186429977417

iterator 2800, D_Loss:0.8423337936401367, G_Loss:3.421250104904175

iterator 2900, D_Loss:0.7486632466316223, G_Loss:3.458158016204834

iterator 3000, D_Loss:0.7255221009254456, G_Loss:3.6531262397766113

iterator 3100, D_Loss:0.6849834322929382, G_Loss:3.5287187099456787

iterator 3200, D_Loss:0.791693925857544, G_Loss:3.5418379306793213

iterator 3300, D_Loss:0.7092258334159851, G_Loss:3.494063377380371

iterator 3400, D_Loss:0.6968666315078735, G_Loss:3.584768295288086

iterator 3500, D_Loss:0.669771671295166, G_Loss:3.5999016761779785

iterator 3600, D_Loss:0.7844744920730591, G_Loss:3.4750726222991943

iterator 3700, D_Loss:0.8498043417930603, G_Loss:3.2766880989074707

iterator 3800, D_Loss:0.7227620482444763, G_Loss:3.450274705886841

iterator 3900, D_Loss:0.7247472405433655, G_Loss:3.5695245265960693

iterator 4000, D_Loss:0.6919455528259277, G_Loss:3.5297763347625732

iterator 4100, D_Loss:0.7337732315063477, G_Loss:3.299616813659668

iterator 4200, D_Loss:0.713824987411499, G_Loss:3.191220283508301

iterator 4300, D_Loss:0.73103928565979, G_Loss:3.4467990398406982

iterator 4400, D_Loss:0.782164454460144, G_Loss:3.074981451034546

iterator 4500, D_Loss:0.7679731249809265, G_Loss:3.1323776245117188

iterator 4600, D_Loss:0.6759366393089294, G_Loss:3.3453853130340576

iterator 4700, D_Loss:0.6911846995353699, G_Loss:3.5389623641967773

iterator 4800, D_Loss:0.7417112588882446, G_Loss:3.41548228263855

iterator 4900, D_Loss:0.7990776300430298, G_Loss:3.516225814819336

iterator 5000, D_Loss:0.8652063012123108, G_Loss:3.1159820556640625

-----------Epoch 2-----------
iterator 100, D_Loss:0.8530869483947754, G_Loss:3.5246293544769287

iterator 200, D_Loss:0.7194390892982483, G_Loss:3.19856595993042

iterator 300, D_Loss:0.7300326228141785, G_Loss:3.1943483352661133

iterator 400, D_Loss:0.7332543730735779, G_Loss:3.032517671585083

iterator 500, D_Loss:0.8250125646591187, G_Loss:2.9736437797546387

iterator 600, D_Loss:0.7553009986877441, G_Loss:3.0580363273620605

iterator 700, D_Loss:0.8490511178970337, G_Loss:2.9081692695617676

iterator 800, D_Loss:0.8344666361808777, G_Loss:2.8505120277404785

iterator 900, D_Loss:0.7993159890174866, G_Loss:3.073476791381836

iterator 1000, D_Loss:0.7351703643798828, G_Loss:2.91871976852417

iterator 1100, D_Loss:0.7782191634178162, G_Loss:3.0141568183898926

iterator 1200, D_Loss:0.8016390204429626, G_Loss:3.2390294075012207

iterator 1300, D_Loss:0.8215906620025635, G_Loss:3.014636278152466

iterator 1400, D_Loss:0.7903064489364624, G_Loss:3.3227739334106445

iterator 1500, D_Loss:0.8145002126693726, G_Loss:2.8044421672821045

iterator 1600, D_Loss:0.7189447283744812, G_Loss:3.0381739139556885

iterator 1700, D_Loss:0.8277047872543335, G_Loss:2.318000316619873

iterator 1800, D_Loss:0.8941222429275513, G_Loss:3.2137014865875244

iterator 1900, D_Loss:0.7512028217315674, G_Loss:3.279951333999634

iterator 2000, D_Loss:0.9363782405853271, G_Loss:2.9950859546661377

iterator 2100, D_Loss:0.8224210739135742, G_Loss:3.199808359146118

iterator 2200, D_Loss:0.7083286046981812, G_Loss:3.0076487064361572

iterator 2300, D_Loss:0.7778007388114929, G_Loss:3.234682083129883

iterator 2400, D_Loss:0.8164123296737671, G_Loss:3.1745963096618652

iterator 2500, D_Loss:0.8227949738502502, G_Loss:3.538562297821045

iterator 2600, D_Loss:0.7407719492912292, G_Loss:3.0977749824523926

iterator 2700, D_Loss:0.7285587191581726, G_Loss:3.1817948818206787

iterator 2800, D_Loss:0.794620931148529, G_Loss:3.373337745666504

iterator 2900, D_Loss:0.8166338205337524, G_Loss:2.7613353729248047

iterator 3000, D_Loss:0.7380748391151428, G_Loss:2.880249500274658

iterator 3100, D_Loss:0.7225656509399414, G_Loss:3.374490261077881

iterator 3200, D_Loss:0.7704607844352722, G_Loss:3.2117695808410645

iterator 3300, D_Loss:0.7436003088951111, G_Loss:3.943669557571411

iterator 3400, D_Loss:0.7283114194869995, G_Loss:3.2581915855407715

iterator 3500, D_Loss:0.9588861465454102, G_Loss:2.8010971546173096

iterator 3600, D_Loss:0.7639192342758179, G_Loss:2.9873411655426025

iterator 3700, D_Loss:0.8604316711425781, G_Loss:3.142514228820801

iterator 3800, D_Loss:0.8229209780693054, G_Loss:2.9576337337493896

iterator 3900, D_Loss:0.9377665519714355, G_Loss:2.883427858352661

iterator 4000, D_Loss:0.7801873683929443, G_Loss:3.0082130432128906

iterator 4100, D_Loss:0.7550445795059204, G_Loss:3.103527069091797

iterator 4200, D_Loss:0.8666013479232788, G_Loss:2.992889881134033

iterator 4300, D_Loss:0.795745849609375, G_Loss:2.5191564559936523

iterator 4400, D_Loss:0.8408400416374207, G_Loss:2.688220739364624

iterator 4500, D_Loss:0.8116879463195801, G_Loss:2.9853081703186035

iterator 4600, D_Loss:0.7918221950531006, G_Loss:2.959442138671875

iterator 4700, D_Loss:0.7681702375411987, G_Loss:3.1276209354400635

iterator 4800, D_Loss:0.7416322231292725, G_Loss:3.037867307662964

iterator 4900, D_Loss:0.7785947322845459, G_Loss:3.1340479850769043

iterator 5000, D_Loss:0.7905668616294861, G_Loss:2.6782360076904297

-----------Epoch 3-----------
iterator 100, D_Loss:0.6904686093330383, G_Loss:3.0733184814453125

iterator 200, D_Loss:0.7848239541053772, G_Loss:3.080397844314575

iterator 300, D_Loss:0.7235814332962036, G_Loss:3.2569150924682617

iterator 400, D_Loss:0.8559793829917908, G_Loss:3.1048123836517334

iterator 500, D_Loss:0.789613664150238, G_Loss:3.0938775539398193

iterator 600, D_Loss:0.6322559714317322, G_Loss:3.0206146240234375

iterator 700, D_Loss:0.7547070384025574, G_Loss:3.2951440811157227

iterator 800, D_Loss:0.7668231725692749, G_Loss:2.9084291458129883

iterator 900, D_Loss:0.8519368171691895, G_Loss:2.8050920963287354

iterator 1000, D_Loss:0.7465076446533203, G_Loss:3.0366756916046143

iterator 1100, D_Loss:0.81519615650177, G_Loss:3.4481098651885986

iterator 1200, D_Loss:0.7843987345695496, G_Loss:3.052898645401001

iterator 1300, D_Loss:0.7546758651733398, G_Loss:3.3702285289764404

iterator 1400, D_Loss:0.7246078848838806, G_Loss:3.0215799808502197

iterator 1500, D_Loss:0.8040510416030884, G_Loss:2.9474260807037354

iterator 1600, D_Loss:0.744719386100769, G_Loss:3.0518739223480225

iterator 1700, D_Loss:0.7110219597816467, G_Loss:2.9811556339263916

iterator 1800, D_Loss:0.8345049619674683, G_Loss:2.9865565299987793

iterator 1900, D_Loss:0.7952090501785278, G_Loss:3.1173641681671143

iterator 2000, D_Loss:0.7382700443267822, G_Loss:2.8345539569854736

iterator 2100, D_Loss:0.7995733022689819, G_Loss:2.8586416244506836

iterator 2200, D_Loss:0.7857438325881958, G_Loss:3.078242540359497

iterator 2300, D_Loss:0.758063793182373, G_Loss:3.0247020721435547

iterator 2400, D_Loss:0.8273345232009888, G_Loss:2.7441506385803223

iterator 2500, D_Loss:0.8323472738265991, G_Loss:3.118349313735962

iterator 2600, D_Loss:0.7968855500221252, G_Loss:3.024820327758789

iterator 2700, D_Loss:0.8079519271850586, G_Loss:3.016634464263916

iterator 2800, D_Loss:0.7759149074554443, G_Loss:3.034019947052002

iterator 2900, D_Loss:0.8241414427757263, G_Loss:3.05261492729187

iterator 3000, D_Loss:0.7526341676712036, G_Loss:3.1190950870513916

iterator 3100, D_Loss:0.8178005814552307, G_Loss:2.890786647796631

iterator 3200, D_Loss:0.9570135474205017, G_Loss:3.1823368072509766

iterator 3300, D_Loss:0.8201131820678711, G_Loss:2.86039400100708

iterator 3400, D_Loss:0.7539576292037964, G_Loss:2.9672508239746094

iterator 3500, D_Loss:0.7314480543136597, G_Loss:2.7361438274383545

iterator 3600, D_Loss:0.7356282472610474, G_Loss:3.301842212677002

iterator 3700, D_Loss:0.7823941111564636, G_Loss:2.722433090209961

iterator 3800, D_Loss:0.886777937412262, G_Loss:2.7836151123046875

iterator 3900, D_Loss:0.818885087966919, G_Loss:3.457164764404297

iterator 4000, D_Loss:0.8124680519104004, G_Loss:2.752201557159424

iterator 4100, D_Loss:0.7150219678878784, G_Loss:3.005448579788208

iterator 4200, D_Loss:0.7705434560775757, G_Loss:3.290466547012329

iterator 4300, D_Loss:0.7441929578781128, G_Loss:3.293893575668335

iterator 4400, D_Loss:0.7734103202819824, G_Loss:3.3614563941955566

iterator 4500, D_Loss:0.7684669494628906, G_Loss:3.3639707565307617

iterator 4600, D_Loss:0.8376796841621399, G_Loss:3.357867956161499

iterator 4700, D_Loss:0.7912408113479614, G_Loss:3.0700623989105225

iterator 4800, D_Loss:0.7695224285125732, G_Loss:3.3002915382385254

iterator 4900, D_Loss:0.7288082838058472, G_Loss:3.0123119354248047

iterator 5000, D_Loss:0.7753927111625671, G_Loss:3.293971300125122

-----------Epoch 4-----------
iterator 100, D_Loss:0.8514501452445984, G_Loss:3.0462727546691895

iterator 200, D_Loss:0.7483944892883301, G_Loss:3.0691640377044678

iterator 300, D_Loss:0.9172257781028748, G_Loss:3.1825859546661377

iterator 400, D_Loss:0.7411718964576721, G_Loss:2.7318050861358643

iterator 500, D_Loss:0.8701502084732056, G_Loss:3.0674633979797363

iterator 600, D_Loss:0.7524654269218445, G_Loss:3.0382673740386963

iterator 700, D_Loss:0.7443699836730957, G_Loss:3.362212896347046

iterator 800, D_Loss:0.8761957883834839, G_Loss:2.699697256088257

iterator 900, D_Loss:0.8128381967544556, G_Loss:2.829375982284546

iterator 1000, D_Loss:0.7375505566596985, G_Loss:2.8246817588806152

iterator 1100, D_Loss:0.760653018951416, G_Loss:3.313077211380005

iterator 1200, D_Loss:0.8364741802215576, G_Loss:2.7240817546844482

iterator 1300, D_Loss:0.7202108502388, G_Loss:3.1227834224700928

iterator 1400, D_Loss:0.7540819644927979, G_Loss:3.023023843765259

iterator 1500, D_Loss:0.7036169767379761, G_Loss:2.9925529956817627

iterator 1600, D_Loss:0.7588810324668884, G_Loss:3.0687084197998047

iterator 1700, D_Loss:0.7700991630554199, G_Loss:2.9396798610687256

iterator 1800, D_Loss:0.7583612203598022, G_Loss:3.0007612705230713

iterator 1900, D_Loss:0.8158302903175354, G_Loss:2.75933575630188

iterator 2000, D_Loss:0.7991862893104553, G_Loss:3.1037230491638184

iterator 2100, D_Loss:0.8233801126480103, G_Loss:2.9885010719299316

iterator 2200, D_Loss:0.6787514686584473, G_Loss:3.1599643230438232

iterator 2300, D_Loss:0.75701504945755, G_Loss:3.2949435710906982

iterator 2400, D_Loss:0.7499346733093262, G_Loss:3.314786911010742

iterator 2500, D_Loss:0.7316550612449646, G_Loss:3.2387757301330566

iterator 2600, D_Loss:0.7595465183258057, G_Loss:3.0545663833618164

iterator 2700, D_Loss:0.71872878074646, G_Loss:3.338592767715454

iterator 2800, D_Loss:0.7710827589035034, G_Loss:2.9532630443573

iterator 2900, D_Loss:0.7821534872055054, G_Loss:3.1224558353424072

iterator 3000, D_Loss:0.6767043471336365, G_Loss:3.0338029861450195

iterator 3100, D_Loss:0.8350852131843567, G_Loss:3.446601152420044

iterator 3200, D_Loss:0.8577669262886047, G_Loss:3.035578489303589

iterator 3300, D_Loss:0.759414553642273, G_Loss:3.096417188644409

iterator 3400, D_Loss:0.7630699872970581, G_Loss:3.001415491104126

iterator 3500, D_Loss:0.8203253746032715, G_Loss:3.125615358352661

iterator 3600, D_Loss:0.7817056775093079, G_Loss:2.8960423469543457

iterator 3700, D_Loss:0.7684603333473206, G_Loss:3.139228582382202

iterator 3800, D_Loss:0.7220678925514221, G_Loss:3.0363404750823975

iterator 3900, D_Loss:0.8101000189781189, G_Loss:2.9417009353637695

iterator 4000, D_Loss:0.7594459652900696, G_Loss:2.8850929737091064

iterator 4100, D_Loss:0.7896181344985962, G_Loss:2.913158416748047

iterator 4200, D_Loss:0.8099746704101562, G_Loss:2.6901657581329346

iterator 4300, D_Loss:0.7626302242279053, G_Loss:3.0138490200042725

iterator 4400, D_Loss:0.8139084577560425, G_Loss:3.211026430130005

iterator 4500, D_Loss:0.7480238676071167, G_Loss:3.321155548095703

iterator 4600, D_Loss:0.6998147368431091, G_Loss:3.1261184215545654

iterator 4700, D_Loss:0.7776256203651428, G_Loss:3.157832622528076

iterator 4800, D_Loss:0.7980422973632812, G_Loss:2.9550790786743164

iterator 4900, D_Loss:0.8154276609420776, G_Loss:2.898928165435791

iterator 5000, D_Loss:0.8393338322639465, G_Loss:2.9296936988830566

-----------Epoch 5-----------
iterator 100, D_Loss:0.7935847043991089, G_Loss:2.931553840637207

iterator 200, D_Loss:0.7644815444946289, G_Loss:3.1609067916870117

iterator 300, D_Loss:0.8278195858001709, G_Loss:2.8410322666168213

iterator 400, D_Loss:0.7872765064239502, G_Loss:2.788938283920288

iterator 500, D_Loss:0.7636816501617432, G_Loss:3.0063910484313965

iterator 600, D_Loss:0.8087249994277954, G_Loss:2.8376166820526123

iterator 700, D_Loss:0.8533751368522644, G_Loss:3.201180934906006

iterator 800, D_Loss:0.746696949005127, G_Loss:2.9338135719299316

iterator 900, D_Loss:0.7739236950874329, G_Loss:2.8491268157958984

iterator 1000, D_Loss:0.702276885509491, G_Loss:3.157804250717163

iterator 1100, D_Loss:0.7923714518547058, G_Loss:3.2596004009246826

iterator 1200, D_Loss:0.7534194588661194, G_Loss:2.936936616897583

iterator 1300, D_Loss:0.7359476685523987, G_Loss:3.061030626296997

iterator 1400, D_Loss:0.7776301503181458, G_Loss:3.236292839050293

iterator 1500, D_Loss:0.7760512828826904, G_Loss:2.7794320583343506

iterator 1600, D_Loss:0.8399063348770142, G_Loss:2.9748690128326416

iterator 1700, D_Loss:0.8339986801147461, G_Loss:3.067324161529541

iterator 1800, D_Loss:0.8528386354446411, G_Loss:2.9639482498168945

iterator 1900, D_Loss:0.7681213021278381, G_Loss:2.9879729747772217

iterator 2000, D_Loss:0.7403609752655029, G_Loss:3.1188910007476807

iterator 2100, D_Loss:0.8764252662658691, G_Loss:2.955549955368042

iterator 2200, D_Loss:0.7928574681282043, G_Loss:2.920361042022705

iterator 2300, D_Loss:0.7143905162811279, G_Loss:3.117088794708252

iterator 2400, D_Loss:0.7443243861198425, G_Loss:2.897036552429199

iterator 2500, D_Loss:0.7495803833007812, G_Loss:3.0450167655944824

iterator 2600, D_Loss:0.746703565120697, G_Loss:3.0154592990875244

iterator 2700, D_Loss:0.7351518869400024, G_Loss:2.850663185119629

iterator 2800, D_Loss:0.8290399312973022, G_Loss:2.7513344287872314

iterator 2900, D_Loss:0.8701791167259216, G_Loss:2.966104030609131

iterator 3000, D_Loss:0.8247368335723877, G_Loss:2.9168179035186768

iterator 3100, D_Loss:0.7354493141174316, G_Loss:3.1129233837127686

iterator 3200, D_Loss:0.8536235690116882, G_Loss:3.0548202991485596

iterator 3300, D_Loss:0.8115225434303284, G_Loss:2.916719913482666

iterator 3400, D_Loss:0.7795777320861816, G_Loss:2.979353189468384

iterator 3500, D_Loss:0.762515664100647, G_Loss:3.1313517093658447

iterator 3600, D_Loss:0.7496103048324585, G_Loss:3.146116018295288

iterator 3700, D_Loss:0.6927703022956848, G_Loss:3.4196863174438477

iterator 3800, D_Loss:0.7412988543510437, G_Loss:3.3059582710266113

iterator 3900, D_Loss:0.6638000011444092, G_Loss:3.1526007652282715

iterator 4000, D_Loss:0.7831302285194397, G_Loss:2.718764066696167

iterator 4100, D_Loss:0.7971967458724976, G_Loss:3.2293851375579834

iterator 4200, D_Loss:0.8140434622764587, G_Loss:3.0555334091186523

iterator 4300, D_Loss:0.7793923616409302, G_Loss:3.038745641708374

iterator 4400, D_Loss:0.7086499929428101, G_Loss:3.253359794616699

iterator 4500, D_Loss:0.8384827971458435, G_Loss:3.1609275341033936

iterator 4600, D_Loss:0.7980764508247375, G_Loss:3.1490259170532227

iterator 4700, D_Loss:0.7658646702766418, G_Loss:2.942641496658325

iterator 4800, D_Loss:0.6981233358383179, G_Loss:3.4618020057678223

iterator 4900, D_Loss:0.7387716770172119, G_Loss:3.4330878257751465

iterator 5000, D_Loss:0.7562316656112671, G_Loss:3.1037395000457764

-----------Epoch 6-----------
iterator 100, D_Loss:0.6767019033432007, G_Loss:3.2969000339508057

iterator 200, D_Loss:0.7334981560707092, G_Loss:3.3060970306396484

iterator 300, D_Loss:0.8159158229827881, G_Loss:2.9917092323303223

iterator 400, D_Loss:0.7563679814338684, G_Loss:2.9466471672058105

iterator 500, D_Loss:0.7721943259239197, G_Loss:2.9540038108825684

iterator 600, D_Loss:0.72019362449646, G_Loss:2.7968854904174805

iterator 700, D_Loss:0.8230602741241455, G_Loss:2.9266629219055176

iterator 800, D_Loss:0.8021202683448792, G_Loss:2.6667330265045166

iterator 900, D_Loss:0.7589979767799377, G_Loss:3.07734751701355

iterator 1000, D_Loss:0.760550856590271, G_Loss:3.0691184997558594

iterator 1100, D_Loss:0.7933946847915649, G_Loss:3.226207971572876

iterator 1200, D_Loss:0.7867975234985352, G_Loss:2.8038716316223145

iterator 1300, D_Loss:0.8318597078323364, G_Loss:2.701665163040161

iterator 1400, D_Loss:0.8329921960830688, G_Loss:3.017653465270996

iterator 1500, D_Loss:0.7862606048583984, G_Loss:3.246384620666504

iterator 1600, D_Loss:0.7399525046348572, G_Loss:2.930032968521118

iterator 1700, D_Loss:0.8312525153160095, G_Loss:2.8359153270721436

iterator 1800, D_Loss:0.8299042582511902, G_Loss:2.8056674003601074

iterator 1900, D_Loss:0.7835787534713745, G_Loss:3.127122640609741

iterator 2000, D_Loss:0.8607489466667175, G_Loss:3.0966403484344482

iterator 2100, D_Loss:0.80391925573349, G_Loss:2.9677820205688477

iterator 2200, D_Loss:0.8460440039634705, G_Loss:3.092010021209717

iterator 2300, D_Loss:0.8171193599700928, G_Loss:2.873896360397339

iterator 2400, D_Loss:0.7002599239349365, G_Loss:3.0308098793029785

iterator 2500, D_Loss:0.7951248288154602, G_Loss:2.759918451309204

iterator 2600, D_Loss:0.7851320505142212, G_Loss:2.7631382942199707

iterator 2700, D_Loss:0.781461775302887, G_Loss:2.8304879665374756

iterator 2800, D_Loss:0.8367105722427368, G_Loss:2.9419898986816406

iterator 2900, D_Loss:0.8283029794692993, G_Loss:2.8323123455047607

iterator 3000, D_Loss:0.8628928661346436, G_Loss:3.116351366043091

iterator 3100, D_Loss:0.796281635761261, G_Loss:3.221446990966797

iterator 3200, D_Loss:0.8333863615989685, G_Loss:2.8833510875701904

iterator 3300, D_Loss:0.8089909553527832, G_Loss:2.925045967102051

iterator 3400, D_Loss:0.7710875868797302, G_Loss:3.193866491317749

iterator 3500, D_Loss:0.7866758108139038, G_Loss:2.781055212020874

iterator 3600, D_Loss:0.7112640738487244, G_Loss:3.0070762634277344

iterator 3700, D_Loss:0.8260495662689209, G_Loss:3.2350051403045654

iterator 3800, D_Loss:0.7326687574386597, G_Loss:3.240945816040039

iterator 3900, D_Loss:0.794245719909668, G_Loss:3.3031554222106934

iterator 4000, D_Loss:0.7148845195770264, G_Loss:3.1145436763763428

iterator 4100, D_Loss:0.8640151023864746, G_Loss:2.6688146591186523

iterator 4200, D_Loss:0.8222487568855286, G_Loss:2.9344394207000732

iterator 4300, D_Loss:0.7868265509605408, G_Loss:2.9983811378479004

iterator 4400, D_Loss:0.8101940155029297, G_Loss:2.9230597019195557

iterator 4500, D_Loss:0.8246381878852844, G_Loss:3.2337732315063477

iterator 4600, D_Loss:0.8691600561141968, G_Loss:2.8373467922210693

iterator 4700, D_Loss:0.8491600751876831, G_Loss:3.078965187072754

iterator 4800, D_Loss:0.7580844163894653, G_Loss:2.9734363555908203

iterator 4900, D_Loss:0.7798169255256653, G_Loss:2.9805142879486084

iterator 5000, D_Loss:0.8026974201202393, G_Loss:2.76415753364563

-----------Epoch 7-----------
iterator 100, D_Loss:0.8123464584350586, G_Loss:3.1559767723083496

iterator 200, D_Loss:0.7219823598861694, G_Loss:2.898488998413086

iterator 300, D_Loss:0.8756662607192993, G_Loss:2.432624101638794

iterator 400, D_Loss:0.8379396200180054, G_Loss:3.0034167766571045

iterator 500, D_Loss:0.7706372141838074, G_Loss:3.0377907752990723

iterator 600, D_Loss:0.8046613335609436, G_Loss:2.9597065448760986

iterator 700, D_Loss:0.810380220413208, G_Loss:3.14180850982666

iterator 800, D_Loss:0.81141197681427, G_Loss:2.9514050483703613

iterator 900, D_Loss:0.8012259006500244, G_Loss:2.7032551765441895

iterator 1000, D_Loss:0.8642744421958923, G_Loss:2.938274383544922

iterator 1100, D_Loss:0.772067666053772, G_Loss:2.8065998554229736

iterator 1200, D_Loss:0.8689013123512268, G_Loss:2.928488254547119

iterator 1300, D_Loss:0.8698039650917053, G_Loss:2.890190839767456

iterator 1400, D_Loss:0.8300918340682983, G_Loss:2.6943774223327637

iterator 1500, D_Loss:0.8216955065727234, G_Loss:2.890442371368408

iterator 1600, D_Loss:0.8166064023971558, G_Loss:3.1211276054382324

iterator 1700, D_Loss:0.7851575613021851, G_Loss:2.7916901111602783

iterator 1800, D_Loss:0.8361988067626953, G_Loss:2.7938904762268066

iterator 1900, D_Loss:0.818596363067627, G_Loss:2.937037467956543

iterator 2000, D_Loss:0.771102786064148, G_Loss:3.0925867557525635

iterator 2100, D_Loss:0.7682438492774963, G_Loss:2.760301113128662

iterator 2200, D_Loss:0.7802680730819702, G_Loss:2.9034881591796875

iterator 2300, D_Loss:0.8826189041137695, G_Loss:2.718379259109497

iterator 2400, D_Loss:0.7880464792251587, G_Loss:3.1652486324310303

iterator 2500, D_Loss:0.7606001496315002, G_Loss:2.7197461128234863

iterator 2600, D_Loss:0.7619309425354004, G_Loss:2.8174405097961426

iterator 2700, D_Loss:0.7617557048797607, G_Loss:2.877319812774658

iterator 2800, D_Loss:0.9155116081237793, G_Loss:2.672400712966919

iterator 2900, D_Loss:0.8306148052215576, G_Loss:3.0937511920928955

iterator 3000, D_Loss:0.8921875953674316, G_Loss:2.956602096557617

iterator 3100, D_Loss:0.7984222769737244, G_Loss:2.850511074066162

iterator 3200, D_Loss:0.8923771977424622, G_Loss:3.076632022857666

iterator 3300, D_Loss:0.8041403293609619, G_Loss:2.997290849685669

iterator 3400, D_Loss:0.7539277076721191, G_Loss:3.1207704544067383

iterator 3500, D_Loss:0.7870796322822571, G_Loss:2.9198434352874756

iterator 3600, D_Loss:0.9342745542526245, G_Loss:3.0900559425354004

iterator 3700, D_Loss:0.7707292437553406, G_Loss:3.1356236934661865

iterator 3800, D_Loss:0.7479811906814575, G_Loss:3.3238422870635986

iterator 3900, D_Loss:0.8866521120071411, G_Loss:2.8693783283233643

iterator 4000, D_Loss:0.7566981911659241, G_Loss:3.1877965927124023

iterator 4100, D_Loss:0.8938959240913391, G_Loss:2.9665989875793457

iterator 4200, D_Loss:0.8282651901245117, G_Loss:3.253427267074585

iterator 4300, D_Loss:0.8980031609535217, G_Loss:3.089247226715088

iterator 4400, D_Loss:0.8633752465248108, G_Loss:2.612034320831299

iterator 4500, D_Loss:0.9204555749893188, G_Loss:2.6421632766723633

iterator 4600, D_Loss:0.8005344271659851, G_Loss:3.1136021614074707

iterator 4700, D_Loss:0.852942168712616, G_Loss:2.6460676193237305

iterator 4800, D_Loss:0.7813785672187805, G_Loss:3.0084574222564697

iterator 4900, D_Loss:0.920366108417511, G_Loss:2.801189422607422

iterator 5000, D_Loss:0.858873724937439, G_Loss:2.975848436355591

-----------Epoch 8-----------
iterator 100, D_Loss:0.804118275642395, G_Loss:3.1917946338653564

iterator 200, D_Loss:0.7525531053543091, G_Loss:3.046677827835083

iterator 300, D_Loss:0.8169077634811401, G_Loss:2.7548813819885254

iterator 400, D_Loss:0.8213933706283569, G_Loss:2.8430044651031494

iterator 500, D_Loss:0.7585630416870117, G_Loss:2.9159767627716064

iterator 600, D_Loss:0.7797150611877441, G_Loss:2.9852330684661865

iterator 700, D_Loss:0.7921128273010254, G_Loss:3.0904653072357178

iterator 800, D_Loss:0.8300691843032837, G_Loss:2.7238664627075195

iterator 900, D_Loss:0.8514476418495178, G_Loss:2.675471782684326

iterator 1000, D_Loss:0.8094562292098999, G_Loss:2.9650819301605225

iterator 1100, D_Loss:0.7728245258331299, G_Loss:2.9154834747314453

iterator 1200, D_Loss:0.8591992855072021, G_Loss:2.934831142425537

iterator 1300, D_Loss:0.8631950616836548, G_Loss:2.733138084411621

iterator 1400, D_Loss:0.8846294283866882, G_Loss:2.784898281097412

iterator 1500, D_Loss:0.86121666431427, G_Loss:2.6697583198547363

iterator 1600, D_Loss:0.8538967370986938, G_Loss:3.0810580253601074

iterator 1700, D_Loss:0.8304623365402222, G_Loss:2.6102986335754395

iterator 1800, D_Loss:0.806930422782898, G_Loss:3.248138189315796

iterator 1900, D_Loss:0.8650315999984741, G_Loss:3.0024852752685547

iterator 2000, D_Loss:0.797958493232727, G_Loss:2.4961671829223633

iterator 2100, D_Loss:0.839590847492218, G_Loss:2.914862632751465

iterator 2200, D_Loss:0.8486442565917969, G_Loss:3.0493617057800293

iterator 2300, D_Loss:0.8623695969581604, G_Loss:3.0267250537872314

iterator 2400, D_Loss:0.8355289697647095, G_Loss:3.20279598236084

iterator 2500, D_Loss:0.7936303615570068, G_Loss:2.940567970275879

iterator 2600, D_Loss:0.8262298703193665, G_Loss:2.8874759674072266

iterator 2700, D_Loss:0.825853705406189, G_Loss:3.0234029293060303

iterator 2800, D_Loss:0.805967390537262, G_Loss:2.952289581298828

iterator 2900, D_Loss:0.8200516700744629, G_Loss:2.89780592918396

iterator 3000, D_Loss:0.8458353281021118, G_Loss:2.5977649688720703

iterator 3100, D_Loss:0.7919150590896606, G_Loss:2.6895394325256348

iterator 3200, D_Loss:0.8502160906791687, G_Loss:2.5156757831573486

iterator 3300, D_Loss:0.7785606384277344, G_Loss:3.0200610160827637

iterator 3400, D_Loss:0.8777953386306763, G_Loss:2.7158937454223633

iterator 3500, D_Loss:0.772182822227478, G_Loss:2.889374256134033

iterator 3600, D_Loss:0.8243663311004639, G_Loss:2.6969778537750244

iterator 3700, D_Loss:0.8639668822288513, G_Loss:2.9302871227264404

iterator 3800, D_Loss:0.8002461791038513, G_Loss:2.775740146636963

iterator 3900, D_Loss:0.8080169558525085, G_Loss:3.0313661098480225

iterator 4000, D_Loss:0.754096508026123, G_Loss:3.267200469970703

iterator 4100, D_Loss:0.8468457460403442, G_Loss:2.7709648609161377

iterator 4200, D_Loss:0.8094680309295654, G_Loss:2.9863638877868652

iterator 4300, D_Loss:0.792381763458252, G_Loss:2.826064109802246

iterator 4400, D_Loss:0.7819044589996338, G_Loss:2.918665885925293

iterator 4500, D_Loss:0.8308591842651367, G_Loss:2.8448028564453125

iterator 4600, D_Loss:0.7909654378890991, G_Loss:2.6374504566192627

iterator 4700, D_Loss:0.780510425567627, G_Loss:2.972144842147827

iterator 4800, D_Loss:0.8154235482215881, G_Loss:2.815114974975586

iterator 4900, D_Loss:0.7487998008728027, G_Loss:3.271338701248169

iterator 5000, D_Loss:0.8074215650558472, G_Loss:3.0799098014831543

-----------Epoch 9-----------
iterator 100, D_Loss:0.7710518836975098, G_Loss:3.2371766567230225

iterator 200, D_Loss:0.7778576016426086, G_Loss:2.997504711151123

iterator 300, D_Loss:0.7741612195968628, G_Loss:2.5862672328948975

iterator 400, D_Loss:0.7567853927612305, G_Loss:2.831490993499756

iterator 500, D_Loss:0.8196635246276855, G_Loss:3.1709799766540527

iterator 600, D_Loss:0.7699614763259888, G_Loss:2.946027994155884

iterator 700, D_Loss:0.8603918552398682, G_Loss:2.9657633304595947

iterator 800, D_Loss:0.820042610168457, G_Loss:2.9348976612091064

iterator 900, D_Loss:0.795994758605957, G_Loss:2.8868041038513184

iterator 1000, D_Loss:0.8253931999206543, G_Loss:3.1597232818603516

iterator 1100, D_Loss:0.7868930101394653, G_Loss:3.0054931640625

iterator 1200, D_Loss:0.8293526768684387, G_Loss:2.5982987880706787

iterator 1300, D_Loss:0.7284407615661621, G_Loss:2.7412900924682617

iterator 1400, D_Loss:0.7635366916656494, G_Loss:3.021937608718872

iterator 1500, D_Loss:0.877763569355011, G_Loss:3.05070161819458

iterator 1600, D_Loss:0.8087159395217896, G_Loss:3.1856651306152344

iterator 1700, D_Loss:0.8084025382995605, G_Loss:3.0189061164855957

iterator 1800, D_Loss:0.8553683161735535, G_Loss:3.0544631481170654

iterator 1900, D_Loss:0.904935359954834, G_Loss:3.0600221157073975

iterator 2000, D_Loss:0.8468243479728699, G_Loss:2.9134154319763184

iterator 2100, D_Loss:0.8209307193756104, G_Loss:3.1552224159240723

iterator 2200, D_Loss:0.7687356472015381, G_Loss:2.8592686653137207

iterator 2300, D_Loss:0.8365038633346558, G_Loss:3.0642404556274414

iterator 2400, D_Loss:0.8932178616523743, G_Loss:3.1226730346679688

iterator 2500, D_Loss:0.7374501824378967, G_Loss:3.079185962677002

iterator 2600, D_Loss:0.8156988024711609, G_Loss:3.0146946907043457

iterator 2700, D_Loss:0.7206860780715942, G_Loss:2.9715428352355957

iterator 2800, D_Loss:0.7828007340431213, G_Loss:3.015348196029663

iterator 2900, D_Loss:0.8549292683601379, G_Loss:2.912461519241333

iterator 3000, D_Loss:0.7486312985420227, G_Loss:2.84110951423645

iterator 3100, D_Loss:0.7877039909362793, G_Loss:3.1809685230255127

iterator 3200, D_Loss:0.8733031749725342, G_Loss:2.6307451725006104

iterator 3300, D_Loss:0.8384365439414978, G_Loss:2.7740566730499268

iterator 3400, D_Loss:0.817814826965332, G_Loss:2.9051733016967773

iterator 3500, D_Loss:0.7716585397720337, G_Loss:2.762035608291626

iterator 3600, D_Loss:0.8045507669448853, G_Loss:2.7735486030578613

iterator 3700, D_Loss:0.9097614288330078, G_Loss:2.7355167865753174

iterator 3800, D_Loss:0.7869222164154053, G_Loss:2.7683136463165283

iterator 3900, D_Loss:0.8582576513290405, G_Loss:2.823526382446289

iterator 4000, D_Loss:0.9190071821212769, G_Loss:2.9245827198028564

iterator 4100, D_Loss:0.9138590097427368, G_Loss:2.6041622161865234

iterator 4200, D_Loss:0.8543240427970886, G_Loss:2.696610450744629

iterator 4300, D_Loss:0.8792979717254639, G_Loss:2.993906021118164

iterator 4400, D_Loss:0.8342722058296204, G_Loss:2.6673593521118164

iterator 4500, D_Loss:0.8268954157829285, G_Loss:3.1091442108154297

iterator 4600, D_Loss:0.7585685849189758, G_Loss:3.014112949371338

iterator 4700, D_Loss:0.8133978843688965, G_Loss:3.1037232875823975

iterator 4800, D_Loss:0.7472900152206421, G_Loss:2.8427815437316895

iterator 4900, D_Loss:0.7502809762954712, G_Loss:2.8745083808898926

iterator 5000, D_Loss:0.7834189534187317, G_Loss:2.826456069946289

VGAN_generator(
  (input): Linear(in_features=128, out_features=300, bias=True)
  (inputbn): BatchNorm1d(300, eps=1e-05, momentum=0.1, affine=True, track_running_stats=True)
  (fc0): Linear(in_features=300, out_features=300, bias=True)
  (bn0): BatchNorm1d(300, eps=1e-05, momentum=0.1, affine=True, track_running_stats=True)
  (fc1): Linear(in_features=300, out_features=300, bias=True)
  (bn1): BatchNorm1d(300, eps=1e-05, momentum=0.1, affine=True, track_running_stats=True)
  (output): Linear(in_features=300, out_features=105, bias=True)
  (outputbn): BatchNorm1d(105, eps=1e-05, momentum=0.1, affine=True, track_running_stats=True)
)
VGAN_discriminator(
  (input): Linear(in_features=105, out_features=100, bias=True)
  (Dropout): Dropout(p=0.5, inplace=False)
  (fc0): Linear(in_features=100, out_features=100, bias=True)
  (fc1): Linear(in_features=100, out_features=100, bias=True)
  (fc2): Linear(in_features=100, out_features=100, bias=True)
  (output): Linear(in_features=100, out_features=1, bias=True)
)
(0, False, 105)
-----------Epoch 0-----------
iterator 100, D_Loss:0.5784619450569153, G_Loss:8.825745582580566

iterator 200, D_Loss:0.5284421443939209, G_Loss:10.022178649902344

iterator 300, D_Loss:0.5003259778022766, G_Loss:8.482976913452148

iterator 400, D_Loss:0.5236570835113525, G_Loss:7.368826866149902

iterator 500, D_Loss:0.49445798993110657, G_Loss:6.362362861633301

iterator 600, D_Loss:0.6378805041313171, G_Loss:6.013319492340088

iterator 700, D_Loss:0.5785650014877319, G_Loss:5.70573616027832

iterator 800, D_Loss:0.6678460836410522, G_Loss:4.370621681213379

iterator 900, D_Loss:0.7056236863136292, G_Loss:4.197347164154053

iterator 1000, D_Loss:0.8398853540420532, G_Loss:3.519226551055908

iterator 1100, D_Loss:0.6774258613586426, G_Loss:3.775506019592285

iterator 1200, D_Loss:0.8028432130813599, G_Loss:2.639171600341797

iterator 1300, D_Loss:0.8321268558502197, G_Loss:2.7088494300842285

iterator 1400, D_Loss:0.8392038345336914, G_Loss:2.726632833480835

iterator 1500, D_Loss:0.8702361583709717, G_Loss:2.7359588146209717

iterator 1600, D_Loss:0.9441829919815063, G_Loss:2.225048303604126

iterator 1700, D_Loss:0.9349531531333923, G_Loss:2.1116456985473633

iterator 1800, D_Loss:1.0425482988357544, G_Loss:1.9721382856369019

iterator 1900, D_Loss:0.9726754426956177, G_Loss:2.0628716945648193

iterator 2000, D_Loss:0.9343235492706299, G_Loss:2.164677143096924

iterator 2100, D_Loss:0.9585361480712891, G_Loss:2.1757547855377197

iterator 2200, D_Loss:1.046507477760315, G_Loss:1.686338186264038

iterator 2300, D_Loss:1.0229501724243164, G_Loss:1.8413420915603638

iterator 2400, D_Loss:0.9317926168441772, G_Loss:2.0973944664001465

iterator 2500, D_Loss:0.9636025428771973, G_Loss:1.7788100242614746

iterator 2600, D_Loss:1.0912847518920898, G_Loss:1.695634365081787

iterator 2700, D_Loss:1.0844707489013672, G_Loss:1.827597975730896

iterator 2800, D_Loss:1.084589958190918, G_Loss:1.7699134349822998

iterator 2900, D_Loss:1.1170870065689087, G_Loss:1.6097573041915894

iterator 3000, D_Loss:1.1282143592834473, G_Loss:1.7427451610565186

iterator 3100, D_Loss:1.0474827289581299, G_Loss:1.7551367282867432

iterator 3200, D_Loss:1.0925002098083496, G_Loss:1.9164968729019165

iterator 3300, D_Loss:1.0812069177627563, G_Loss:1.4814032316207886

iterator 3400, D_Loss:1.071736216545105, G_Loss:1.5821894407272339

iterator 3500, D_Loss:1.063651204109192, G_Loss:1.7606533765792847

iterator 3600, D_Loss:1.0895099639892578, G_Loss:1.5690017938613892

iterator 3700, D_Loss:1.0990060567855835, G_Loss:1.7588984966278076

iterator 3800, D_Loss:1.1170939207077026, G_Loss:1.6798815727233887

iterator 3900, D_Loss:1.1307811737060547, G_Loss:1.5761624574661255

iterator 4000, D_Loss:1.11741042137146, G_Loss:1.6504095792770386

iterator 4100, D_Loss:1.1188151836395264, G_Loss:1.895169973373413

iterator 4200, D_Loss:1.1161357164382935, G_Loss:1.7574009895324707

iterator 4300, D_Loss:1.079501748085022, G_Loss:1.6964678764343262

iterator 4400, D_Loss:1.0898981094360352, G_Loss:1.8224021196365356

iterator 4500, D_Loss:1.0925686359405518, G_Loss:1.8522926568984985

iterator 4600, D_Loss:1.1100919246673584, G_Loss:1.5318753719329834

iterator 4700, D_Loss:1.1092389822006226, G_Loss:1.4464861154556274

iterator 4800, D_Loss:1.1421536207199097, G_Loss:1.598535418510437

iterator 4900, D_Loss:1.1398284435272217, G_Loss:1.5340428352355957

iterator 5000, D_Loss:1.1264550685882568, G_Loss:1.6493393182754517

-----------Epoch 1-----------
iterator 100, D_Loss:1.0755401849746704, G_Loss:1.6136988401412964

iterator 200, D_Loss:1.1414350271224976, G_Loss:1.6915351152420044

iterator 300, D_Loss:1.089145541191101, G_Loss:1.5919997692108154

iterator 400, D_Loss:1.1676629781723022, G_Loss:1.5555223226547241

iterator 500, D_Loss:1.1161638498306274, G_Loss:1.5720146894454956

iterator 600, D_Loss:1.144149899482727, G_Loss:1.5370988845825195

iterator 700, D_Loss:1.1143358945846558, G_Loss:1.578903079032898

iterator 800, D_Loss:1.145626425743103, G_Loss:1.4959070682525635

iterator 900, D_Loss:1.1011769771575928, G_Loss:1.5106425285339355

iterator 1000, D_Loss:1.172905683517456, G_Loss:1.748984456062317

iterator 1100, D_Loss:1.1358002424240112, G_Loss:1.5943762063980103

iterator 1200, D_Loss:1.174665927886963, G_Loss:1.4303547143936157

iterator 1300, D_Loss:1.0856752395629883, G_Loss:1.5337107181549072

iterator 1400, D_Loss:1.0986064672470093, G_Loss:1.5130845308303833

iterator 1500, D_Loss:1.1223971843719482, G_Loss:1.4798994064331055

iterator 1600, D_Loss:1.163935661315918, G_Loss:1.5066953897476196

iterator 1700, D_Loss:1.1827844381332397, G_Loss:1.5963397026062012

iterator 1800, D_Loss:1.094240427017212, G_Loss:1.4516081809997559

iterator 1900, D_Loss:1.104647159576416, G_Loss:1.5059646368026733

iterator 2000, D_Loss:1.0925723314285278, G_Loss:1.509767770767212

iterator 2100, D_Loss:1.098386526107788, G_Loss:1.65739107131958

iterator 2200, D_Loss:1.1666367053985596, G_Loss:1.474192500114441

iterator 2300, D_Loss:1.1166136264801025, G_Loss:1.5265355110168457

iterator 2400, D_Loss:1.1211856603622437, G_Loss:1.4517749547958374

iterator 2500, D_Loss:1.1359150409698486, G_Loss:1.5422805547714233

iterator 2600, D_Loss:1.131030559539795, G_Loss:1.449718713760376

iterator 2700, D_Loss:1.0958378314971924, G_Loss:1.3964710235595703

iterator 2800, D_Loss:1.1367895603179932, G_Loss:1.4698504209518433

iterator 2900, D_Loss:1.1160351037979126, G_Loss:1.5230374336242676

iterator 3000, D_Loss:1.1084638833999634, G_Loss:1.503408432006836

iterator 3100, D_Loss:1.129020094871521, G_Loss:1.5204119682312012

iterator 3200, D_Loss:1.1402056217193604, G_Loss:1.3903391361236572

iterator 3300, D_Loss:1.145713210105896, G_Loss:1.5102670192718506

iterator 3400, D_Loss:1.1158109903335571, G_Loss:1.5551645755767822

iterator 3500, D_Loss:1.0618789196014404, G_Loss:1.424607753753662

iterator 3600, D_Loss:1.1418180465698242, G_Loss:1.6753722429275513

iterator 3700, D_Loss:1.1396266222000122, G_Loss:1.5721919536590576

iterator 3800, D_Loss:1.1163573265075684, G_Loss:1.4126354455947876

iterator 3900, D_Loss:1.1189709901809692, G_Loss:1.4443449974060059

iterator 4000, D_Loss:1.1489474773406982, G_Loss:1.462489366531372

iterator 4100, D_Loss:1.1006898880004883, G_Loss:1.586207389831543

iterator 4200, D_Loss:1.1131070852279663, G_Loss:1.5546646118164062

iterator 4300, D_Loss:1.0398328304290771, G_Loss:1.730724811553955

iterator 4400, D_Loss:1.102163314819336, G_Loss:1.4609216451644897

iterator 4500, D_Loss:1.0787670612335205, G_Loss:1.5015698671340942

iterator 4600, D_Loss:1.114216685295105, G_Loss:1.5616958141326904

iterator 4700, D_Loss:1.102131962776184, G_Loss:1.6326570510864258

iterator 4800, D_Loss:1.15639066696167, G_Loss:1.5800528526306152

iterator 4900, D_Loss:1.0754826068878174, G_Loss:1.41239333152771

iterator 5000, D_Loss:1.1366393566131592, G_Loss:1.4074074029922485

-----------Epoch 2-----------
iterator 100, D_Loss:1.1062177419662476, G_Loss:1.4941816329956055

iterator 200, D_Loss:1.161726713180542, G_Loss:1.6057789325714111

iterator 300, D_Loss:1.1117863655090332, G_Loss:1.423000454902649

iterator 400, D_Loss:1.039527416229248, G_Loss:1.704967975616455

iterator 500, D_Loss:1.104209542274475, G_Loss:1.5359869003295898

iterator 600, D_Loss:1.099717378616333, G_Loss:1.5143954753875732

iterator 700, D_Loss:1.1569446325302124, G_Loss:1.4769564867019653

iterator 800, D_Loss:1.0855082273483276, G_Loss:1.4854800701141357

iterator 900, D_Loss:1.0917397737503052, G_Loss:1.5265765190124512

iterator 1000, D_Loss:1.1849253177642822, G_Loss:1.3969318866729736

iterator 1100, D_Loss:1.0070109367370605, G_Loss:1.6059660911560059

iterator 1200, D_Loss:1.151279091835022, G_Loss:1.6083619594573975

iterator 1300, D_Loss:1.1336644887924194, G_Loss:1.5469226837158203

iterator 1400, D_Loss:1.1408207416534424, G_Loss:1.5418734550476074

iterator 1500, D_Loss:1.1436152458190918, G_Loss:1.5021415948867798

iterator 1600, D_Loss:1.132148027420044, G_Loss:1.5384808778762817

iterator 1700, D_Loss:1.0778119564056396, G_Loss:1.5063838958740234

iterator 1800, D_Loss:1.0936859846115112, G_Loss:1.4710009098052979

iterator 1900, D_Loss:1.1459689140319824, G_Loss:1.7041250467300415

iterator 2000, D_Loss:1.1008578538894653, G_Loss:1.4709113836288452

iterator 2100, D_Loss:1.1507627964019775, G_Loss:1.6030726432800293

iterator 2200, D_Loss:1.1733448505401611, G_Loss:1.5805450677871704

iterator 2300, D_Loss:1.1337015628814697, G_Loss:1.5414113998413086

iterator 2400, D_Loss:1.0985231399536133, G_Loss:1.6698098182678223

iterator 2500, D_Loss:1.1195738315582275, G_Loss:1.5506441593170166

iterator 2600, D_Loss:1.0873509645462036, G_Loss:1.4150415658950806

iterator 2700, D_Loss:1.154288411140442, G_Loss:1.5310711860656738

iterator 2800, D_Loss:1.1650381088256836, G_Loss:1.5391113758087158

iterator 2900, D_Loss:1.1378413438796997, G_Loss:1.3589280843734741

iterator 3000, D_Loss:1.0682597160339355, G_Loss:1.5326032638549805

iterator 3100, D_Loss:1.102985143661499, G_Loss:1.4927289485931396

iterator 3200, D_Loss:1.1230827569961548, G_Loss:1.5292043685913086

iterator 3300, D_Loss:1.1508333683013916, G_Loss:1.4903117418289185

iterator 3400, D_Loss:1.1110661029815674, G_Loss:1.4442449808120728

iterator 3500, D_Loss:1.114283800125122, G_Loss:1.5042359828948975

iterator 3600, D_Loss:1.0879786014556885, G_Loss:1.4904718399047852

iterator 3700, D_Loss:1.128835916519165, G_Loss:1.5019596815109253

iterator 3800, D_Loss:1.141303300857544, G_Loss:1.4513452053070068

iterator 3900, D_Loss:1.204045057296753, G_Loss:1.4879518747329712

iterator 4000, D_Loss:1.1115394830703735, G_Loss:1.6273527145385742

iterator 4100, D_Loss:1.1543114185333252, G_Loss:1.5980055332183838

iterator 4200, D_Loss:1.1138782501220703, G_Loss:1.6220616102218628

iterator 4300, D_Loss:1.1112784147262573, G_Loss:1.6911684274673462

iterator 4400, D_Loss:1.141944408416748, G_Loss:1.5688493251800537

iterator 4500, D_Loss:1.1183420419692993, G_Loss:1.6141605377197266

iterator 4600, D_Loss:1.1124552488327026, G_Loss:1.599687933921814

iterator 4700, D_Loss:1.146520733833313, G_Loss:1.5722237825393677

iterator 4800, D_Loss:1.132817268371582, G_Loss:1.627159595489502

iterator 4900, D_Loss:1.1155660152435303, G_Loss:1.6607551574707031

iterator 5000, D_Loss:1.130150318145752, G_Loss:1.5592055320739746

-----------Epoch 3-----------
iterator 100, D_Loss:1.1211721897125244, G_Loss:1.5666435956954956

iterator 200, D_Loss:1.1524279117584229, G_Loss:1.480852723121643

iterator 300, D_Loss:1.1106946468353271, G_Loss:1.7586860656738281

iterator 400, D_Loss:1.1092021465301514, G_Loss:1.4976335763931274

iterator 500, D_Loss:1.149111270904541, G_Loss:1.663283109664917

iterator 600, D_Loss:1.1106104850769043, G_Loss:1.5677485466003418

iterator 700, D_Loss:1.114999771118164, G_Loss:1.5293391942977905

iterator 800, D_Loss:1.1268903017044067, G_Loss:1.6179739236831665

iterator 900, D_Loss:1.2158640623092651, G_Loss:1.5310977697372437

iterator 1000, D_Loss:1.1215877532958984, G_Loss:1.6542686223983765

iterator 1100, D_Loss:1.0970174074172974, G_Loss:1.7342052459716797

iterator 1200, D_Loss:1.1627953052520752, G_Loss:1.599233627319336

iterator 1300, D_Loss:1.1154026985168457, G_Loss:1.56590735912323

iterator 1400, D_Loss:1.2022407054901123, G_Loss:1.4793665409088135

iterator 1500, D_Loss:1.1395353078842163, G_Loss:1.6037603616714478

iterator 1600, D_Loss:1.183018445968628, G_Loss:1.6310398578643799

iterator 1700, D_Loss:1.1065235137939453, G_Loss:1.5698333978652954

iterator 1800, D_Loss:1.1106350421905518, G_Loss:1.5234923362731934

iterator 1900, D_Loss:1.0612071752548218, G_Loss:1.5915842056274414

iterator 2000, D_Loss:1.10358464717865, G_Loss:1.6173580884933472

iterator 2100, D_Loss:1.0921275615692139, G_Loss:1.4747761487960815

iterator 2200, D_Loss:1.1269030570983887, G_Loss:1.5845812559127808

iterator 2300, D_Loss:1.152547836303711, G_Loss:1.6696878671646118

iterator 2400, D_Loss:1.1279712915420532, G_Loss:1.499947190284729

iterator 2500, D_Loss:1.1618220806121826, G_Loss:1.6985609531402588

iterator 2600, D_Loss:1.0797593593597412, G_Loss:1.8073948621749878

iterator 2700, D_Loss:1.1556850671768188, G_Loss:1.542135238647461

iterator 2800, D_Loss:1.1626031398773193, G_Loss:1.513392448425293

iterator 2900, D_Loss:1.1469593048095703, G_Loss:1.5993247032165527

iterator 3000, D_Loss:1.1355699300765991, G_Loss:1.5959426164627075

iterator 3100, D_Loss:1.143236517906189, G_Loss:1.4441109895706177

iterator 3200, D_Loss:1.1882401704788208, G_Loss:1.5281673669815063

iterator 3300, D_Loss:1.0758739709854126, G_Loss:1.6582322120666504

iterator 3400, D_Loss:1.1836926937103271, G_Loss:1.429034948348999

iterator 3500, D_Loss:1.1833139657974243, G_Loss:1.5522271394729614

iterator 3600, D_Loss:1.2297636270523071, G_Loss:1.4870855808258057

iterator 3700, D_Loss:1.0885422229766846, G_Loss:1.480004072189331

iterator 3800, D_Loss:1.128464698791504, G_Loss:1.471459150314331

iterator 3900, D_Loss:1.1123032569885254, G_Loss:1.5062427520751953

iterator 4000, D_Loss:1.1085631847381592, G_Loss:1.355118989944458

iterator 4100, D_Loss:1.1141855716705322, G_Loss:1.4709995985031128

iterator 4200, D_Loss:1.1349539756774902, G_Loss:1.6226649284362793

iterator 4300, D_Loss:1.1275250911712646, G_Loss:1.4440525770187378

iterator 4400, D_Loss:1.1175891160964966, G_Loss:1.5284754037857056

iterator 4500, D_Loss:1.0777344703674316, G_Loss:1.5171196460723877

iterator 4600, D_Loss:1.1231961250305176, G_Loss:1.4641170501708984

iterator 4700, D_Loss:1.1045782566070557, G_Loss:1.4497243165969849

iterator 4800, D_Loss:1.1116247177124023, G_Loss:1.475619912147522

iterator 4900, D_Loss:1.118814468383789, G_Loss:1.5534018278121948

iterator 5000, D_Loss:1.1216421127319336, G_Loss:1.5189628601074219

-----------Epoch 4-----------
iterator 100, D_Loss:1.1191835403442383, G_Loss:1.4968328475952148

iterator 200, D_Loss:1.0830397605895996, G_Loss:1.379371166229248

iterator 300, D_Loss:1.142291784286499, G_Loss:1.5604485273361206

iterator 400, D_Loss:1.1821954250335693, G_Loss:1.6060972213745117

iterator 500, D_Loss:1.1031465530395508, G_Loss:1.4691455364227295

iterator 600, D_Loss:1.1377325057983398, G_Loss:1.455323338508606

iterator 700, D_Loss:1.1284010410308838, G_Loss:1.4546313285827637

iterator 800, D_Loss:1.13570237159729, G_Loss:1.4917415380477905

iterator 900, D_Loss:1.1757607460021973, G_Loss:1.670156478881836

iterator 1000, D_Loss:1.1717942953109741, G_Loss:1.4938539266586304

iterator 1100, D_Loss:1.0932726860046387, G_Loss:1.5910192728042603

iterator 1200, D_Loss:1.1334463357925415, G_Loss:1.4613319635391235

iterator 1300, D_Loss:1.20684814453125, G_Loss:1.569836139678955

iterator 1400, D_Loss:1.2082667350769043, G_Loss:1.4378105401992798

iterator 1500, D_Loss:1.1395087242126465, G_Loss:1.6523200273513794

iterator 1600, D_Loss:1.1190574169158936, G_Loss:1.5262997150421143

iterator 1700, D_Loss:1.1586753129959106, G_Loss:1.4466043710708618

iterator 1800, D_Loss:1.1598527431488037, G_Loss:1.5032585859298706

iterator 1900, D_Loss:1.1084644794464111, G_Loss:1.4923453330993652

iterator 2000, D_Loss:1.1636958122253418, G_Loss:1.390950322151184

iterator 2100, D_Loss:1.2435296773910522, G_Loss:1.4194085597991943

iterator 2200, D_Loss:1.149695634841919, G_Loss:1.5108051300048828

iterator 2300, D_Loss:1.1633353233337402, G_Loss:1.3902627229690552

iterator 2400, D_Loss:1.1823365688323975, G_Loss:1.3973203897476196

iterator 2500, D_Loss:1.1698788404464722, G_Loss:1.5895200967788696

iterator 2600, D_Loss:1.133296012878418, G_Loss:1.5994724035263062

iterator 2700, D_Loss:1.1689225435256958, G_Loss:1.3478728532791138

iterator 2800, D_Loss:1.1162720918655396, G_Loss:1.4579979181289673

iterator 2900, D_Loss:1.2292134761810303, G_Loss:1.4347997903823853

iterator 3000, D_Loss:1.1266443729400635, G_Loss:1.5140272378921509

iterator 3100, D_Loss:1.2101370096206665, G_Loss:1.4367353916168213

iterator 3200, D_Loss:1.1301398277282715, G_Loss:1.3808115720748901

iterator 3300, D_Loss:1.1624242067337036, G_Loss:1.3075815439224243

iterator 3400, D_Loss:1.1597485542297363, G_Loss:1.404043197631836

iterator 3500, D_Loss:1.1740832328796387, G_Loss:1.3549240827560425

iterator 3600, D_Loss:1.114582896232605, G_Loss:1.436268925666809

iterator 3700, D_Loss:1.1408634185791016, G_Loss:1.4974792003631592

iterator 3800, D_Loss:1.1234235763549805, G_Loss:1.4145656824111938

iterator 3900, D_Loss:1.1951806545257568, G_Loss:1.396633505821228

iterator 4000, D_Loss:1.0943281650543213, G_Loss:1.393156886100769

iterator 4100, D_Loss:1.1737310886383057, G_Loss:1.4468443393707275

iterator 4200, D_Loss:1.0938122272491455, G_Loss:1.390153408050537

iterator 4300, D_Loss:1.197363018989563, G_Loss:1.4696153402328491

iterator 4400, D_Loss:1.191421389579773, G_Loss:1.3171440362930298

iterator 4500, D_Loss:1.1479700803756714, G_Loss:1.481106162071228

iterator 4600, D_Loss:1.1481003761291504, G_Loss:1.4202109575271606

iterator 4700, D_Loss:1.1551642417907715, G_Loss:1.3218430280685425

iterator 4800, D_Loss:1.156631588935852, G_Loss:1.4295531511306763

iterator 4900, D_Loss:1.1505494117736816, G_Loss:1.3865115642547607

iterator 5000, D_Loss:1.1515952348709106, G_Loss:1.523091197013855

-----------Epoch 5-----------
iterator 100, D_Loss:1.2118251323699951, G_Loss:1.406685471534729

iterator 200, D_Loss:1.1912364959716797, G_Loss:1.337023138999939

iterator 300, D_Loss:1.155426025390625, G_Loss:1.3450442552566528

iterator 400, D_Loss:1.1427501440048218, G_Loss:1.4096041917800903

iterator 500, D_Loss:1.1735482215881348, G_Loss:1.5211734771728516

iterator 600, D_Loss:1.2116416692733765, G_Loss:1.5271875858306885

iterator 700, D_Loss:1.1901299953460693, G_Loss:1.3748204708099365

iterator 800, D_Loss:1.1414196491241455, G_Loss:1.4733446836471558

iterator 900, D_Loss:1.1554632186889648, G_Loss:1.3192070722579956

iterator 1000, D_Loss:1.2218742370605469, G_Loss:1.3344602584838867

iterator 1100, D_Loss:1.1477909088134766, G_Loss:1.3891221284866333

iterator 1200, D_Loss:1.2123620510101318, G_Loss:1.4005892276763916

iterator 1300, D_Loss:1.188764214515686, G_Loss:1.3588922023773193

iterator 1400, D_Loss:1.2013201713562012, G_Loss:1.3733075857162476

iterator 1500, D_Loss:1.1507654190063477, G_Loss:1.4107400178909302

iterator 1600, D_Loss:1.163399577140808, G_Loss:1.3447800874710083

iterator 1700, D_Loss:1.1721559762954712, G_Loss:1.4662659168243408

iterator 1800, D_Loss:1.1198139190673828, G_Loss:1.5056226253509521

iterator 1900, D_Loss:1.154660701751709, G_Loss:1.3699573278427124

iterator 2000, D_Loss:1.1382789611816406, G_Loss:1.362363576889038

iterator 2100, D_Loss:1.1917710304260254, G_Loss:1.3950392007827759

iterator 2200, D_Loss:1.1861001253128052, G_Loss:1.3407905101776123

iterator 2300, D_Loss:1.121692180633545, G_Loss:1.4356745481491089

iterator 2400, D_Loss:1.1808520555496216, G_Loss:1.3718187808990479

iterator 2500, D_Loss:1.169122338294983, G_Loss:1.317057490348816

iterator 2600, D_Loss:1.2006096839904785, G_Loss:1.3220880031585693

iterator 2700, D_Loss:1.2459063529968262, G_Loss:1.3196381330490112

iterator 2800, D_Loss:1.2051682472229004, G_Loss:1.4194146394729614

iterator 2900, D_Loss:1.1887259483337402, G_Loss:1.3831647634506226

iterator 3000, D_Loss:1.1830857992172241, G_Loss:1.390113353729248

iterator 3100, D_Loss:1.1920528411865234, G_Loss:1.2997732162475586

iterator 3200, D_Loss:1.1806360483169556, G_Loss:1.430896520614624

iterator 3300, D_Loss:1.2298064231872559, G_Loss:1.4546877145767212

iterator 3400, D_Loss:1.2531501054763794, G_Loss:1.3826534748077393

iterator 3500, D_Loss:1.1519107818603516, G_Loss:1.3576538562774658

iterator 3600, D_Loss:1.1947038173675537, G_Loss:1.333739995956421

iterator 3700, D_Loss:1.179049015045166, G_Loss:1.380537986755371

iterator 3800, D_Loss:1.176321029663086, G_Loss:1.2867716550827026

iterator 3900, D_Loss:1.2004424333572388, G_Loss:1.3973150253295898

iterator 4000, D_Loss:1.1829023361206055, G_Loss:1.3997201919555664

iterator 4100, D_Loss:1.182759404182434, G_Loss:1.4343013763427734

iterator 4200, D_Loss:1.16501784324646, G_Loss:1.4649310111999512

iterator 4300, D_Loss:1.14849853515625, G_Loss:1.4515048265457153

iterator 4400, D_Loss:1.1736658811569214, G_Loss:1.399977445602417

iterator 4500, D_Loss:1.2374982833862305, G_Loss:1.302963137626648

iterator 4600, D_Loss:1.196682095527649, G_Loss:1.3309175968170166

iterator 4700, D_Loss:1.1931049823760986, G_Loss:1.3454703092575073

iterator 4800, D_Loss:1.1789822578430176, G_Loss:1.3207184076309204

iterator 4900, D_Loss:1.169783353805542, G_Loss:1.3527430295944214

iterator 5000, D_Loss:1.2023061513900757, G_Loss:1.3264214992523193

-----------Epoch 6-----------
iterator 100, D_Loss:1.130132794380188, G_Loss:1.4708117246627808

iterator 200, D_Loss:1.2358365058898926, G_Loss:1.3248240947723389

iterator 300, D_Loss:1.220255732536316, G_Loss:1.3215420246124268

iterator 400, D_Loss:1.186442494392395, G_Loss:1.3584970235824585

iterator 500, D_Loss:1.172226905822754, G_Loss:1.3438631296157837

iterator 600, D_Loss:1.1577800512313843, G_Loss:1.3664551973342896

iterator 700, D_Loss:1.2092876434326172, G_Loss:1.3615763187408447

iterator 800, D_Loss:1.2100683450698853, G_Loss:1.3221099376678467

iterator 900, D_Loss:1.1663541793823242, G_Loss:1.3937828540802002

iterator 1000, D_Loss:1.2204339504241943, G_Loss:1.262864589691162

iterator 1100, D_Loss:1.1856852769851685, G_Loss:1.3575481176376343

iterator 1200, D_Loss:1.1478049755096436, G_Loss:1.3962745666503906

iterator 1300, D_Loss:1.2447291612625122, G_Loss:1.2927144765853882

iterator 1400, D_Loss:1.2361245155334473, G_Loss:1.328737735748291

iterator 1500, D_Loss:1.1954219341278076, G_Loss:1.3353779315948486

iterator 1600, D_Loss:1.2367866039276123, G_Loss:1.3008098602294922

iterator 1700, D_Loss:1.2226910591125488, G_Loss:1.32854163646698

iterator 1800, D_Loss:1.1723389625549316, G_Loss:1.2469967603683472

iterator 1900, D_Loss:1.1792633533477783, G_Loss:1.3129832744598389

iterator 2000, D_Loss:1.2416688203811646, G_Loss:1.3211866617202759

iterator 2100, D_Loss:1.1803531646728516, G_Loss:1.328235387802124

iterator 2200, D_Loss:1.1660394668579102, G_Loss:1.3526161909103394

iterator 2300, D_Loss:1.254212498664856, G_Loss:1.3434252738952637

iterator 2400, D_Loss:1.2240740060806274, G_Loss:1.2533032894134521

iterator 2500, D_Loss:1.199413776397705, G_Loss:1.2314366102218628

iterator 2600, D_Loss:1.1984071731567383, G_Loss:1.302324891090393

iterator 2700, D_Loss:1.2738511562347412, G_Loss:1.369088888168335

iterator 2800, D_Loss:1.1776537895202637, G_Loss:1.2993298768997192

iterator 2900, D_Loss:1.2319846153259277, G_Loss:1.2822409868240356

iterator 3000, D_Loss:1.235288381576538, G_Loss:1.31979501247406

iterator 3100, D_Loss:1.2143431901931763, G_Loss:1.3357954025268555

iterator 3200, D_Loss:1.193140983581543, G_Loss:1.3789889812469482

iterator 3300, D_Loss:1.2292331457138062, G_Loss:1.2142428159713745

iterator 3400, D_Loss:1.2024271488189697, G_Loss:1.2521798610687256

iterator 3500, D_Loss:1.155795931816101, G_Loss:1.2389365434646606

iterator 3600, D_Loss:1.1805745363235474, G_Loss:1.2402530908584595

iterator 3700, D_Loss:1.1599905490875244, G_Loss:1.2476977109909058

iterator 3800, D_Loss:1.2057756185531616, G_Loss:1.2719172239303589

iterator 3900, D_Loss:1.2014514207839966, G_Loss:1.3263989686965942

iterator 4000, D_Loss:1.1900908946990967, G_Loss:1.2414275407791138

iterator 4100, D_Loss:1.2632038593292236, G_Loss:1.318436861038208

iterator 4200, D_Loss:1.1908763647079468, G_Loss:1.3729238510131836

iterator 4300, D_Loss:1.2109395265579224, G_Loss:1.300558090209961

iterator 4400, D_Loss:1.2262494564056396, G_Loss:1.2279752492904663

iterator 4500, D_Loss:1.1913865804672241, G_Loss:1.3310964107513428

iterator 4600, D_Loss:1.176184892654419, G_Loss:1.2718380689620972

iterator 4700, D_Loss:1.1591839790344238, G_Loss:1.214918851852417

iterator 4800, D_Loss:1.2055822610855103, G_Loss:1.2932679653167725

iterator 4900, D_Loss:1.2104741334915161, G_Loss:1.2560043334960938

iterator 5000, D_Loss:1.2112830877304077, G_Loss:1.2491296529769897

-----------Epoch 7-----------
iterator 100, D_Loss:1.2360187768936157, G_Loss:1.2374532222747803

iterator 200, D_Loss:1.139093279838562, G_Loss:1.3654600381851196

iterator 300, D_Loss:1.2087868452072144, G_Loss:1.2718287706375122

iterator 400, D_Loss:1.219522476196289, G_Loss:1.2711907625198364

iterator 500, D_Loss:1.2057836055755615, G_Loss:1.2895954847335815

iterator 600, D_Loss:1.2143466472625732, G_Loss:1.369527816772461

iterator 700, D_Loss:1.1915236711502075, G_Loss:1.3962666988372803

iterator 800, D_Loss:1.1861951351165771, G_Loss:1.2624082565307617

iterator 900, D_Loss:1.204908013343811, G_Loss:1.2253997325897217

iterator 1000, D_Loss:1.1991558074951172, G_Loss:1.2798782587051392

iterator 1100, D_Loss:1.2219576835632324, G_Loss:1.216259479522705

iterator 1200, D_Loss:1.2504868507385254, G_Loss:1.2462735176086426

iterator 1300, D_Loss:1.2002414464950562, G_Loss:1.1401951313018799

iterator 1400, D_Loss:1.2656291723251343, G_Loss:1.2261979579925537

iterator 1500, D_Loss:1.2334538698196411, G_Loss:1.3742891550064087

iterator 1600, D_Loss:1.1957401037216187, G_Loss:1.2705190181732178

iterator 1700, D_Loss:1.1784088611602783, G_Loss:1.2990623712539673

iterator 1800, D_Loss:1.221755027770996, G_Loss:1.2573635578155518

iterator 1900, D_Loss:1.1951388120651245, G_Loss:1.277040719985962

iterator 2000, D_Loss:1.1714314222335815, G_Loss:1.2138217687606812

iterator 2100, D_Loss:1.2058498859405518, G_Loss:1.213585615158081

iterator 2200, D_Loss:1.2330760955810547, G_Loss:1.2229423522949219

iterator 2300, D_Loss:1.2774312496185303, G_Loss:1.1890536546707153

iterator 2400, D_Loss:1.2045260667800903, G_Loss:1.2375091314315796

iterator 2500, D_Loss:1.2361292839050293, G_Loss:1.336374044418335

iterator 2600, D_Loss:1.2337932586669922, G_Loss:1.3331280946731567

iterator 2700, D_Loss:1.2417844533920288, G_Loss:1.208482027053833

iterator 2800, D_Loss:1.234639048576355, G_Loss:1.2342157363891602

iterator 2900, D_Loss:1.2015776634216309, G_Loss:1.163752794265747

iterator 3000, D_Loss:1.18357253074646, G_Loss:1.1537755727767944

iterator 3100, D_Loss:1.2549880743026733, G_Loss:1.24122953414917

iterator 3200, D_Loss:1.214927315711975, G_Loss:1.3004810810089111

iterator 3300, D_Loss:1.2187590599060059, G_Loss:1.2235451936721802

iterator 3400, D_Loss:1.2738697528839111, G_Loss:1.1864688396453857

iterator 3500, D_Loss:1.187965989112854, G_Loss:1.2849372625350952

iterator 3600, D_Loss:1.2010188102722168, G_Loss:1.2434883117675781

iterator 3700, D_Loss:1.2587565183639526, G_Loss:1.2632405757904053

iterator 3800, D_Loss:1.2217111587524414, G_Loss:1.1998825073242188

iterator 3900, D_Loss:1.2710689306259155, G_Loss:1.2462087869644165

iterator 4000, D_Loss:1.2538292407989502, G_Loss:1.2785851955413818

iterator 4100, D_Loss:1.1755000352859497, G_Loss:1.3076772689819336

iterator 4200, D_Loss:1.261478304862976, G_Loss:1.3650752305984497

iterator 4300, D_Loss:1.2356332540512085, G_Loss:1.2371398210525513

iterator 4400, D_Loss:1.1713612079620361, G_Loss:1.3027331829071045

iterator 4500, D_Loss:1.261093258857727, G_Loss:1.2575081586837769

iterator 4600, D_Loss:1.2061010599136353, G_Loss:1.2150405645370483

iterator 4700, D_Loss:1.2003766298294067, G_Loss:1.2045814990997314

iterator 4800, D_Loss:1.2148752212524414, G_Loss:1.358789324760437

iterator 4900, D_Loss:1.1648226976394653, G_Loss:1.2425971031188965

iterator 5000, D_Loss:1.221743106842041, G_Loss:1.2002869844436646

-----------Epoch 8-----------
iterator 100, D_Loss:1.2307095527648926, G_Loss:1.2396901845932007

iterator 200, D_Loss:1.2244879007339478, G_Loss:1.2515568733215332

iterator 300, D_Loss:1.1966032981872559, G_Loss:1.201037883758545

iterator 400, D_Loss:1.2641762495040894, G_Loss:1.1736023426055908

iterator 500, D_Loss:1.2764394283294678, G_Loss:1.1584948301315308

iterator 600, D_Loss:1.2536540031433105, G_Loss:1.3012053966522217

iterator 700, D_Loss:1.2704384326934814, G_Loss:1.186508059501648

iterator 800, D_Loss:1.174773931503296, G_Loss:1.2285182476043701

iterator 900, D_Loss:1.1978375911712646, G_Loss:1.2811414003372192

iterator 1000, D_Loss:1.2369271516799927, G_Loss:1.2821086645126343

iterator 1100, D_Loss:1.252163290977478, G_Loss:1.2330721616744995

iterator 1200, D_Loss:1.1756839752197266, G_Loss:1.3144475221633911

iterator 1300, D_Loss:1.1919608116149902, G_Loss:1.2437012195587158

iterator 1400, D_Loss:1.2296887636184692, G_Loss:1.1676408052444458

iterator 1500, D_Loss:1.2674174308776855, G_Loss:1.25204336643219

iterator 1600, D_Loss:1.2059317827224731, G_Loss:1.2164016962051392

iterator 1700, D_Loss:1.2263129949569702, G_Loss:1.2119100093841553

iterator 1800, D_Loss:1.1987736225128174, G_Loss:1.2998698949813843

iterator 1900, D_Loss:1.1852144002914429, G_Loss:1.23360276222229

iterator 2000, D_Loss:1.1781370639801025, G_Loss:1.2125777006149292

iterator 2100, D_Loss:1.245483636856079, G_Loss:1.2133461236953735

iterator 2200, D_Loss:1.2446208000183105, G_Loss:1.2807743549346924

iterator 2300, D_Loss:1.220092535018921, G_Loss:1.2447149753570557

iterator 2400, D_Loss:1.2275310754776, G_Loss:1.1966480016708374

iterator 2500, D_Loss:1.251537561416626, G_Loss:1.2116633653640747

iterator 2600, D_Loss:1.2338707447052002, G_Loss:1.2047269344329834

iterator 2700, D_Loss:1.272774577140808, G_Loss:1.2964532375335693

iterator 2800, D_Loss:1.2450220584869385, G_Loss:1.1862897872924805

iterator 2900, D_Loss:1.2142977714538574, G_Loss:1.1898541450500488

iterator 3000, D_Loss:1.2511413097381592, G_Loss:1.2272757291793823

iterator 3100, D_Loss:1.2196581363677979, G_Loss:1.2615385055541992

iterator 3200, D_Loss:1.2005767822265625, G_Loss:1.2098530530929565

iterator 3300, D_Loss:1.2590378522872925, G_Loss:1.229384422302246

iterator 3400, D_Loss:1.2547458410263062, G_Loss:1.251879334449768

iterator 3500, D_Loss:1.2087600231170654, G_Loss:1.2691318988800049

iterator 3600, D_Loss:1.237596869468689, G_Loss:1.2986276149749756

iterator 3700, D_Loss:1.1671783924102783, G_Loss:1.2090613842010498

iterator 3800, D_Loss:1.1731706857681274, G_Loss:1.1728427410125732

iterator 3900, D_Loss:1.2021207809448242, G_Loss:1.296774983406067

iterator 4000, D_Loss:1.2470407485961914, G_Loss:1.1645374298095703

iterator 4100, D_Loss:1.2001581192016602, G_Loss:1.2253035306930542

iterator 4200, D_Loss:1.2059950828552246, G_Loss:1.2471725940704346

iterator 4300, D_Loss:1.188331961631775, G_Loss:1.2440818548202515

iterator 4400, D_Loss:1.2206532955169678, G_Loss:1.2481257915496826

iterator 4500, D_Loss:1.2266743183135986, G_Loss:1.2673470973968506

iterator 4600, D_Loss:1.2361652851104736, G_Loss:1.2535558938980103

iterator 4700, D_Loss:1.2127704620361328, G_Loss:1.1797987222671509

iterator 4800, D_Loss:1.268432378768921, G_Loss:1.2300317287445068

iterator 4900, D_Loss:1.244674563407898, G_Loss:1.174708366394043

iterator 5000, D_Loss:1.2185429334640503, G_Loss:1.2692772150039673

-----------Epoch 9-----------
iterator 100, D_Loss:1.2248655557632446, G_Loss:1.285073161125183

iterator 200, D_Loss:1.2322237491607666, G_Loss:1.2042553424835205

iterator 300, D_Loss:1.209580659866333, G_Loss:1.234682559967041

iterator 400, D_Loss:1.221705436706543, G_Loss:1.227116584777832

iterator 500, D_Loss:1.2220380306243896, G_Loss:1.293531894683838

iterator 600, D_Loss:1.2365777492523193, G_Loss:1.3310647010803223

iterator 700, D_Loss:1.2588934898376465, G_Loss:1.1267967224121094

iterator 800, D_Loss:1.2307687997817993, G_Loss:1.201817512512207

iterator 900, D_Loss:1.2009259462356567, G_Loss:1.1072190999984741

iterator 1000, D_Loss:1.2451348304748535, G_Loss:1.2085098028182983

iterator 1100, D_Loss:1.2786202430725098, G_Loss:1.268011212348938

iterator 1200, D_Loss:1.2725728750228882, G_Loss:1.2961732149124146

iterator 1300, D_Loss:1.2377797365188599, G_Loss:1.155045747756958

iterator 1400, D_Loss:1.236873984336853, G_Loss:1.2516775131225586

iterator 1500, D_Loss:1.2535126209259033, G_Loss:1.286354660987854

iterator 1600, D_Loss:1.2600765228271484, G_Loss:1.1997417211532593

iterator 1700, D_Loss:1.1983799934387207, G_Loss:1.2597492933273315

iterator 1800, D_Loss:1.1890158653259277, G_Loss:1.2584195137023926

iterator 1900, D_Loss:1.2907426357269287, G_Loss:1.2834323644638062

iterator 2000, D_Loss:1.199678659439087, G_Loss:1.2322428226470947

iterator 2100, D_Loss:1.280156135559082, G_Loss:1.1654114723205566

iterator 2200, D_Loss:1.2774604558944702, G_Loss:1.236275315284729

iterator 2300, D_Loss:1.276888370513916, G_Loss:1.1791996955871582

iterator 2400, D_Loss:1.2232275009155273, G_Loss:1.2645517587661743

iterator 2500, D_Loss:1.2524510622024536, G_Loss:1.2544405460357666

iterator 2600, D_Loss:1.215627908706665, G_Loss:1.1868847608566284

iterator 2700, D_Loss:1.266700267791748, G_Loss:1.2248669862747192

iterator 2800, D_Loss:1.2591716051101685, G_Loss:1.1734989881515503

iterator 2900, D_Loss:1.2590467929840088, G_Loss:1.1840564012527466

iterator 3000, D_Loss:1.1886141300201416, G_Loss:1.2368324995040894

iterator 3100, D_Loss:1.2416493892669678, G_Loss:1.162467360496521

iterator 3200, D_Loss:1.227205753326416, G_Loss:1.2463806867599487

iterator 3300, D_Loss:1.229966163635254, G_Loss:1.2245656251907349

iterator 3400, D_Loss:1.1916186809539795, G_Loss:1.28220796585083

iterator 3500, D_Loss:1.2218824625015259, G_Loss:1.2538397312164307

iterator 3600, D_Loss:1.2316431999206543, G_Loss:1.2912983894348145

iterator 3700, D_Loss:1.2260711193084717, G_Loss:1.2377623319625854

iterator 3800, D_Loss:1.1895006895065308, G_Loss:1.2695258855819702

iterator 3900, D_Loss:1.2556232213974, G_Loss:1.2138866186141968

iterator 4000, D_Loss:1.2369792461395264, G_Loss:1.1888974905014038

iterator 4100, D_Loss:1.2087363004684448, G_Loss:1.2347116470336914

iterator 4200, D_Loss:1.243651270866394, G_Loss:1.2055373191833496

iterator 4300, D_Loss:1.1878435611724854, G_Loss:1.213257908821106

iterator 4400, D_Loss:1.2124817371368408, G_Loss:1.259582757949829

iterator 4500, D_Loss:1.2387195825576782, G_Loss:1.253100037574768

iterator 4600, D_Loss:1.2646973133087158, G_Loss:1.2509238719940186

iterator 4700, D_Loss:1.2500580549240112, G_Loss:1.218755841255188

iterator 4800, D_Loss:1.2423056364059448, G_Loss:1.2856031656265259

iterator 4900, D_Loss:1.212364673614502, G_Loss:1.214611530303955

iterator 5000, D_Loss:1.2598633766174316, G_Loss:1.2482279539108276

slurmstepd: error: *** JOB 29522705 ON spartan-bm088 CANCELLED AT 2021-09-28T04:34:36 DUE TO TIME LIMIT ***
